<?xml version="1.0" encoding="UTF-8"?>
<!-- Generated by org.testng.reporters.JUnitReportReporter -->
<testsuite hostname="DESKTOP-23DJ7T0" failures="0" tests="8" name="PracticeOfDataProvider.actitimeUsingDataProviders" time="88.916" errors="0" timestamp="2023-01-11T17:08:16 IST" skipped="0">
  <testcase classname="PracticeOfDataProvider.actitimeUsingDataProviders" name="test" time="10.888"/>
  <system-out/>
  <testcase classname="PracticeOfDataProvider.actitimeUsingDataProviders" name="test" time="11.547"/>
  <system-out/>
  <testcase classname="PracticeOfDataProvider.actitimeUsingDataProviders" name="test" time="10.795"/>
  <system-out/>
  <testcase classname="PracticeOfDataProvider.actitimeUsingDataProviders" name="test" time="11.025"/>
  <system-out/>
  <testcase classname="PracticeOfDataProvider.actitimeUsingDataProviders" name="test" time="10.513"/>
  <system-out/>
  <testcase classname="PracticeOfDataProvider.actitimeUsingDataProviders" name="test" time="10.713"/>
  <system-out/>
  <testcase classname="PracticeOfDataProvider.actitimeUsingDataProviders" name="test" time="11.960"/>
  <system-out/>
  <testcase classname="PracticeOfDataProvider.actitimeUsingDataProviders" name="test" time="11.475"/>
  <system-out/>
</testsuite> <!-- PracticeOfDataProvider.actitimeUsingDataProviders -->
