<?xml version="1.0" encoding="UTF-8"?>
<!-- Generated by org.testng.reporters.JUnitReportReporter -->
<testsuite hostname="DESKTOP-23DJ7T0" failures="0" tests="1" name="GroupsTestCase.TC_bikes_013" time="15.357" errors="0" timestamp="2023-01-12T15:47:25 IST" skipped="0">
  <testcase classname="GroupsTestCase.TC_bikes_013" name="TC_bikes_13" time="15.357"/>
  <system-out>
Best Two Wheeler In India- Bike, Scooter, Motocycle | TVS Motor  </system-out>
</testsuite> <!-- GroupsTestCase.TC_bikes_013 -->
