<?xml version="1.0" encoding="UTF-8"?>
<!-- Generated by org.testng.reporters.JUnitReportReporter -->
<testsuite hostname="DESKTOP-23DJ7T0" failures="0" tests="2" name="Crossrowser.TC_bikes_012" time="40.818" errors="0" timestamp="2023-01-10T18:01:03 IST" skipped="0">
  <testcase classname="Crossrowser.TC_bikes_012" name="TC_bikes_12" time="27.370"/>
  <system-out>
JAWA Motorcycle Company Official Website | JAWA Motorcycles India  </system-out>
  <testcase classname="Crossrowser.TC_bikes_012" name="TC_bikes_12" time="13.448"/>
  <system-out>
JAWA Motorcycle Company Official Website | JAWA Motorcycles India  </system-out>
</testsuite> <!-- Crossrowser.TC_bikes_012 -->
