<?xml version="1.0" encoding="UTF-8"?>
<!-- Generated by org.testng.reporters.JUnitReportReporter -->
<testsuite hostname="DESKTOP-23DJ7T0" failures="0" tests="1" name="PracticeTestNG2.TC_Cars_021" time="5.907" errors="0" timestamp="2023-01-10T12:28:47 IST" skipped="0">
  <testcase classname="PracticeTestNG2.TC_Cars_021" name="TC_Cars_21" time="5.907"/>
  <system-out>
Largest Automobile Manufacturer, Biggest Automobile Company in India  </system-out>
</testsuite> <!-- PracticeTestNG2.TC_Cars_021 -->
