<?xml version="1.0" encoding="UTF-8"?>
<!-- Generated by org.testng.reporters.JUnitReportReporter -->
<testsuite hostname="DESKTOP-23DJ7T0" failures="0" tests="2" name="Crossrowser.TC_Cars_021" time="40.742" errors="0" timestamp="2023-01-10T18:01:03 IST" skipped="0">
  <testcase classname="Crossrowser.TC_Cars_021" name="TC_Cars_21" time="13.437"/>
  <system-out>
Largest Automobile Manufacturer, Biggest Automobile Company in India  </system-out>
  <testcase classname="Crossrowser.TC_Cars_021" name="TC_Cars_21" time="27.305"/>
  <system-out>
Largest Automobile Manufacturer, Biggest Automobile Company in India  </system-out>
</testsuite> <!-- Crossrowser.TC_Cars_021 -->
