<?xml version="1.0" encoding="UTF-8"?>
<!-- Generated by org.testng.reporters.JUnitReportReporter -->
<testsuite hostname="DESKTOP-23DJ7T0" failures="0" tests="1" name="PracticeTestNG1.TC_bikes_013" time="43.953" errors="0" timestamp="2023-01-10T11:47:54 IST" skipped="0">
  <testcase classname="PracticeTestNG1.TC_bikes_013" name="TC_bikes_13" time="43.953"/>
  <system-out>
Best Two Wheeler In India- Bike, Scooter, Motocycle | TVS Motor  </system-out>
</testsuite> <!-- PracticeTestNG1.TC_bikes_013 -->
