<?xml version="1.0" encoding="UTF-8"?>
<!-- Generated by org.testng.reporters.JUnitReportReporter -->
<testsuite hostname="DESKTOP-23DJ7T0" failures="0" tests="2" name="GroupsTestCase.TC_Cars_023" time="95.481" errors="0" timestamp="2023-01-12T16:07:58 IST" skipped="0">
  <testcase classname="GroupsTestCase.TC_Cars_023" name="TC_Cars_23" time="47.831"/>
  <system-out>
Hyundai Car, Sedan, SUV, Hatchback, EV | Hyundai Motor India  </system-out>
  <testcase classname="GroupsTestCase.TC_Cars_023" name="TC_Cars_23" time="47.650"/>
  <system-out>
Hyundai Car, Sedan, SUV, Hatchback, EV | Hyundai Motor India  </system-out>
</testsuite> <!-- GroupsTestCase.TC_Cars_023 -->
