<?xml version="1.0" encoding="UTF-8"?>
<!-- Generated by org.testng.reporters.JUnitReportReporter -->
<testsuite hostname="DESKTOP-23DJ7T0" failures="0" tests="4" name="PracticeOfDataProvider.practiceOfSimpleProblem" time="92.648" errors="0" timestamp="2023-01-11T11:26:17 IST" skipped="0">
  <testcase classname="PracticeOfDataProvider.practiceOfSimpleProblem" name="test" time="29.489"/>
  <system-out/>
  <testcase classname="PracticeOfDataProvider.practiceOfSimpleProblem" name="test" time="21.001"/>
  <system-out/>
  <testcase classname="PracticeOfDataProvider.practiceOfSimpleProblem" name="test" time="20.925"/>
  <system-out/>
  <testcase classname="PracticeOfDataProvider.practiceOfSimpleProblem" name="test" time="21.233"/>
  <system-out/>
</testsuite> <!-- PracticeOfDataProvider.practiceOfSimpleProblem -->
