<?xml version="1.0" encoding="UTF-8"?>
<!-- Generated by org.testng.reporters.JUnitReportReporter -->
<testsuite hostname="DESKTOP-23DJ7T0" failures="0" tests="1" name="PracticeTestNG2.TC_Cars_020" time="43.988" errors="0" timestamp="2023-01-10T11:47:54 IST" skipped="0">
  <testcase classname="PracticeTestNG2.TC_Cars_020" name="TC_Cars_02" time="43.988"/>
  <system-out>
Mahindra Group | Mahindra Rise | Mahindra Official Website | Mahindra  </system-out>
</testsuite> <!-- PracticeTestNG2.TC_Cars_020 -->
