<?xml version="1.0" encoding="UTF-8"?>
<!-- Generated by org.testng.reporters.JUnitReportReporter -->
<testsuite hostname="DESKTOP-23DJ7T0" failures="0" tests="2" name="GroupsTestCase.TC_Cars_021" time="65.942" errors="0" timestamp="2023-01-13T10:50:52 IST" skipped="0">
  <testcase classname="GroupsTestCase.TC_Cars_021" name="TC_Cars_21" time="33.060"/>
  <system-out>
Largest Automobile Manufacturer, Biggest Automobile Company in India  </system-out>
  <testcase classname="GroupsTestCase.TC_Cars_021" name="TC_Cars_21" time="32.882"/>
  <system-out>
Largest Automobile Manufacturer, Biggest Automobile Company in India  </system-out>
</testsuite> <!-- GroupsTestCase.TC_Cars_021 -->
