<?xml version="1.0" encoding="UTF-8"?>
<!-- Generated by org.testng.reporters.JUnitReportReporter -->
<testsuite hostname="DESKTOP-23DJ7T0" failures="0" tests="2" name="Crossrowser.TC_Cars_020" time="41.956" errors="0" timestamp="2023-01-10T18:01:03 IST" skipped="0">
  <testcase classname="Crossrowser.TC_Cars_020" name="TC_Cars_02" time="13.958"/>
  <system-out>
Mahindra Group | Mahindra Rise | Mahindra Official Website | Mahindra  </system-out>
  <testcase classname="Crossrowser.TC_Cars_020" name="TC_Cars_02" time="27.998"/>
  <system-out>
Mahindra Group | Mahindra Rise | Mahindra Official Website | Mahindra  </system-out>
</testsuite> <!-- Crossrowser.TC_Cars_020 -->
