<?xml version="1.0" encoding="UTF-8"?>
<!-- Generated by org.testng.reporters.JUnitReportReporter -->
<testsuite hostname="DESKTOP-23DJ7T0" failures="0" tests="1" name="GroupsTestCase.TC_bikes_010" time="14.692" errors="0" timestamp="2023-01-12T15:53:33 IST" skipped="0">
  <testcase classname="GroupsTestCase.TC_bikes_010" name="TC_bikes_01" time="14.692"/>
  <system-out>
Bikes in India | New Bike Model 2021 | Royal Enfield India  </system-out>
</testsuite> <!-- GroupsTestCase.TC_bikes_010 -->
