<?xml version="1.0" encoding="UTF-8"?>
<!-- Generated by org.testng.reporters.JUnitReportReporter -->
<testsuite hostname="DESKTOP-23DJ7T0" failures="0" tests="2" name="GroupsTestCase.TC_Cars_020" time="52.360" errors="0" timestamp="2023-01-13T10:50:52 IST" skipped="0">
  <testcase classname="GroupsTestCase.TC_Cars_020" name="TC_Cars_02" time="26.165"/>
  <system-out>
Mahindra Group Offical Website - Mahindra  </system-out>
  <testcase classname="GroupsTestCase.TC_Cars_020" name="TC_Cars_02" time="26.195"/>
  <system-out>
Mahindra Group Offical Website - Mahindra  </system-out>
</testsuite> <!-- GroupsTestCase.TC_Cars_020 -->
