<?xml version="1.0" encoding="UTF-8"?>
<!-- Generated by org.testng.reporters.JUnitReportReporter -->
<testsuite hostname="DESKTOP-23DJ7T0" failures="0" tests="1" name="PracticeTestNG1.TC_bikes_011" time="9.323" errors="0" timestamp="2023-01-10T15:16:58 IST" skipped="0">
  <testcase classname="PracticeTestNG1.TC_bikes_011" name="TC_bikes_11" time="9.323"/>
  <system-out>
Official Kawasaki India Site | India's No 1 Premium Motorcycle Manufacturer  </system-out>
</testsuite> <!-- PracticeTestNG1.TC_bikes_011 -->
