<?xml version="1.0" encoding="UTF-8"?>
<!-- Generated by org.testng.reporters.JUnitReportReporter -->
<testsuite hostname="DESKTOP-23DJ7T0" failures="0" tests="2" name="Crossrowser.TC_bikes_011" time="48.049" errors="0" timestamp="2023-01-10T18:01:03 IST" skipped="0">
  <testcase classname="Crossrowser.TC_bikes_011" name="TC_bikes_11" time="18.426"/>
  <system-out>
Official Kawasaki India Site | India's No 1 Premium Motorcycle Manufacturer  </system-out>
  <testcase classname="Crossrowser.TC_bikes_011" name="TC_bikes_11" time="29.623"/>
  <system-out>
Official Kawasaki India Site | India's No 1 Premium Motorcycle Manufacturer  </system-out>
</testsuite> <!-- Crossrowser.TC_bikes_011 -->
