<?xml version="1.0" encoding="UTF-8"?>
<!-- Generated by org.testng.reporters.JUnitReportReporter -->
<testsuite hostname="DESKTOP-23DJ7T0" failures="0" tests="2" name="Crossrowser.TC_bikes_013" time="46.170" errors="0" timestamp="2023-01-10T18:01:03 IST" skipped="0">
  <testcase classname="Crossrowser.TC_bikes_013" name="TC_bikes_13" time="32.061"/>
  <system-out>
Best Two Wheeler In India- Bike, Scooter, Motocycle | TVS Motor  </system-out>
  <testcase classname="Crossrowser.TC_bikes_013" name="TC_bikes_13" time="14.109"/>
  <system-out>
Best Two Wheeler In India- Bike, Scooter, Motocycle | TVS Motor  </system-out>
</testsuite> <!-- Crossrowser.TC_bikes_013 -->
