<?xml version="1.0" encoding="UTF-8"?>
<!-- Generated by org.testng.reporters.JUnitReportReporter -->
<testsuite hostname="DESKTOP-23DJ7T0" failures="0" tests="1" name="GroupsTestCase.TC_bikes_011" time="20.100" errors="0" timestamp="2023-01-12T15:53:33 IST" skipped="0">
  <testcase classname="GroupsTestCase.TC_bikes_011" name="TC_bikes_11" time="20.100"/>
  <system-out>
Official Kawasaki India Site | India's No 1 Premium Motorcycle Manufacturer  </system-out>
</testsuite> <!-- GroupsTestCase.TC_bikes_011 -->
