<?xml version="1.0" encoding="UTF-8"?>
<!-- Generated by org.testng.reporters.JUnitReportReporter -->
<testsuite hostname="DESKTOP-23DJ7T0" failures="0" tests="2" name="Crossrowser.TC_Cars_023" time="42.761" errors="0" timestamp="2023-01-10T18:01:03 IST" skipped="0">
  <testcase classname="Crossrowser.TC_Cars_023" name="TC_Cars_23" time="13.941"/>
  <system-out>
Hyundai Car, Sedan, SUV, Hatchback, EV | Hyundai Motor India  </system-out>
  <testcase classname="Crossrowser.TC_Cars_023" name="TC_Cars_23" time="28.820"/>
  <system-out>
Hyundai Car, Sedan, SUV, Hatchback, EV | Hyundai Motor India  </system-out>
</testsuite> <!-- Crossrowser.TC_Cars_023 -->
