<?xml version="1.0" encoding="UTF-8"?>
<!-- Generated by org.testng.reporters.JUnitReportReporter -->
<testsuite hostname="DESKTOP-23DJ7T0" failures="0" tests="1" name="demo.demo1" time="0.012" errors="0" timestamp="2023-01-23T14:48:28 IST" skipped="0">
  <testcase classname="demo.demo1" name="demo2" time="0.012"/>
  <system-out/>
</testsuite> <!-- demo.demo1 -->
