<?xml version="1.0" encoding="UTF-8"?>
<!-- Generated by org.testng.reporters.JUnitReportReporter -->
<testsuite hostname="DESKTOP-23DJ7T0" failures="0" tests="2" name="Crossrowser.TC_bikes_010" time="45.731" errors="0" timestamp="2023-01-10T18:01:03 IST" skipped="0">
  <testcase classname="Crossrowser.TC_bikes_010" name="TC_bikes_01" time="14.890"/>
  <system-out>
Bikes in India | New Bike Model 2021 | Royal Enfield India  </system-out>
  <testcase classname="Crossrowser.TC_bikes_010" name="TC_bikes_01" time="30.841"/>
  <system-out>
Bikes in India | New Bike Model 2021 | Royal Enfield India  </system-out>
</testsuite> <!-- Crossrowser.TC_bikes_010 -->
