<?xml version="1.0" encoding="UTF-8"?>
<!-- Generated by org.testng.reporters.JUnitReportReporter -->
<testsuite hostname="DESKTOP-23DJ7T0" failures="0" tests="1" name="PracticeTestNG1.TC_bikes_012" time="43.778" errors="0" timestamp="2023-01-10T11:47:54 IST" skipped="0">
  <testcase classname="PracticeTestNG1.TC_bikes_012" name="TC_bikes_12" time="43.778"/>
  <system-out>
JAWA Motorcycle Company Official Website | JAWA Motorcycles India  </system-out>
</testsuite> <!-- PracticeTestNG1.TC_bikes_012 -->
