<?xml version="1.0" encoding="UTF-8"?>
<!-- Generated by org.testng.reporters.JUnitReportReporter -->
<testsuite hostname="DESKTOP-23DJ7T0" failures="0" tests="1" name="GroupsTestCase.TC_bikes_012" time="13.125" errors="0" timestamp="2023-01-12T15:53:33 IST" skipped="0">
  <testcase classname="GroupsTestCase.TC_bikes_012" name="TC_bikes_12" time="13.125"/>
  <system-out>
JAWA Motorcycle Company Official Website | JAWA Motorcycles India  </system-out>
</testsuite> <!-- GroupsTestCase.TC_bikes_012 -->
